[
  {
    "id": "manager",
    "time": 0,
    "job": 0,
    "event": "create"
  },
  {
    "id": "programmer",
    "time": 0,
    "job": 0,
    "event": "start"
  },
  {
    "id": "programmer",
    "time": 3,
    "job": 0,
    "event": "end"
  },
  {
    "id": "manager",
    "time": 4,
    "job": 1,
    "event": "create"
  },
  {
    "id": "programmer",
    "time": 4,
    "job": 1,
    "event": "start"
  },
  {
    "id": "programmer",
    "time": 7,
    "job": 1,
    "event": "end"
  },
  {
    "id": "manager",
    "time": 8,
    "job": 2,
    "event": "create"
  },
  {
    "id": "programmer",
    "time": 8,
    "job": 2,
    "event": "start"
  }
]